==> 正在创建软件包：bbswitch-stable 0.8.k6.1.68-1 (Fri 23 Feb 2024 13:05:13 GMT)
==> 警告： 跳过依赖关系检查。
==> 获取源代码...
  -> 找到 kernel_signing_key.pub
==> 正在验证 source 文件，使用sha256sums...
    kernel_signing_key.pub ... 通过
==> 正在删除现存的 $srcdir/ 目录...
==> 正在释放源码...
==> 正在开始 prepare()...
==> 正在开始 pkgver()...
==> 已升级版本：bbswitch-stable 0.8.k6.7.6-1
==> 正在开始 build()...
make: 进入目录“/build/workdir/bbswitch-stable/src/bbswitch”
make -C /usr/src/linux-[0-9]* M="$(pwd)" modules
make[1]: 进入目录“/usr/src/linux-6.7.6”
  CC [M]  /build/workdir/bbswitch-stable/src/bbswitch/bbswitch.o
  MODPOST /build/workdir/bbswitch-stable/src/bbswitch/Module.symvers
  CC [M]  /build/workdir/bbswitch-stable/src/bbswitch/bbswitch.mod.o
  LD [M]  /build/workdir/bbswitch-stable/src/bbswitch/bbswitch.ko
make[1]: 离开目录“/usr/src/linux-6.7.6”
make: 离开目录“/build/workdir/bbswitch-stable/src/bbswitch”
  -> 正在从二进制文件和库中清除不需要的系统符号...
  -> Signing module: bbswitch.ko
==> 正在进入 fakeroot 环境...
==> 正在开始 package()...
==> 正在清理安装...
  -> 正在查找 ELF 文件...
  -> 正在删除 libtool 文件...
  -> 正在删除不想要的消息翻译文件...
  -> 正在清除不打算要的文件...
  -> 正在删除不想要的手册页...
  -> 正在移除静态库文件...
  -> 正在压缩 man 及 info 文档...
==> 正在检查打包问题...
==> 正在构建软件包"bbswitch-stable"...
  -> 正在生成 .PKGINFO 文件...
  -> 正在生成 .BUILDINFO 文件...
  -> 正在生成 .MTREE 文件...
  -> 正在压缩软件包...
==> 正在离开 fakeroot 环境。
==> 完成创建：bbswitch-stable 0.8.k6.7.6-1 (Fri 23 Feb 2024 13:05:16 GMT)
==> 正在创建软件包：nvidia-stable 470.223.02-1 (Fri 23 Feb 2024 13:05:17 GMT)
==> 警告： 跳过依赖关系检查。
==> 获取源代码...
  -> 正在下载 dkms...
  % Total    % Received % Xferd  Average Speed   Time    Time     Time  Current
                                 Dload  Upload   Total   Spent    Left  Speed
  0     0    0     0    0     0      0      0 --:--:-- --:--:-- --:--:--     0  0     0    0     0    0     0      0      0 --:--:-- --:--:-- --:--:--     0
100 93589  100 93589    0     0   444k      0 --:--:-- --:--:-- --:--:--  444k
  -> 找到 kernel_signing_key.pub
==> 正在验证 source 文件，使用sha256sums...
    dkms ... 已跳过
    kernel_signing_key.pub ... 通过
==> 正在删除现存的 $srcdir/ 目录...
==> 正在释放源码...
==> 正在开始 prepare()...
==> 正在开始 pkgver()...
==> 已升级版本：nvidia-stable 470.223.02.k6.7.6-1
==> 正在开始 build()...
Creating symlink /build/workdir/nvidia-stable/src/nvidia/470.223.02/source -> /usr/src/nvidia-470.223.02

Building module:
Cleaning build area...
'make' -j4 IGNORE_PREEMPT_RT_PRESENCE=1 NV_EXCLUDE_BUILD_MODULES='__EXCLUDE_MODULES' KERNEL_UNAME=6.7.6 IGNORE_CC_MISMATCH='__IGNORE_CC_MISMATCH' modules...........................
Cleaning build area...
  -> 正在从二进制文件和库中清除不需要的系统符号...
  -> Signing module: nvidia-drm.ko
  -> Signing module: nvidia.ko
  -> Signing module: nvidia-modeset.ko
  -> Signing module: nvidia-peermem.ko
  -> Signing module: nvidia-uvm.ko
==> 正在进入 fakeroot 环境...
==> 正在开始 package()...
==> 正在清理安装...
  -> 正在查找 ELF 文件...
  -> 正在删除 libtool 文件...
  -> 正在删除不想要的消息翻译文件...
  -> 正在清除不打算要的文件...
  -> 正在删除不想要的手册页...
  -> 正在移除静态库文件...
  -> 正在压缩 man 及 info 文档...
==> 正在检查打包问题...
==> 正在构建软件包"nvidia-stable"...
  -> 正在生成 .PKGINFO 文件...
  -> 正在生成 .BUILDINFO 文件...
  -> 正在生成 .MTREE 文件...
  -> 正在压缩软件包...
==> 正在离开 fakeroot 环境。
==> 完成创建：nvidia-stable 470.223.02.k6.7.6-1 (Fri 23 Feb 2024 13:07:03 GMT)
