==> 正在创建软件包：linux-cl 6.1.83-1 (Thu 28 Mar 2024 15:14:49 GMT)
==> 警告： 跳过依赖关系检查。
==> 获取源代码...
  -> 找到 config-xanmod
  -> 找到 kernel_signing_key.pub
  -> 正在下载 linux-6.1.tar.xz...
  % Total    % Received % Xferd  Average Speed   Time    Time     Time  Current
                                 Dload  Upload   Total   Spent    Left  Speed
  0     0    0     0    0     0      0      0 --:--:-- --:--:-- --:--:--     0  0     0    0     0    0     0      0      0 --:--:-- --:--:-- --:--:--     0100   162  100   162    0     0    988      0 --:--:-- --:--:-- --:--:--   987
100  128M  100  128M    0     0   158M      0 --:--:-- --:--:-- --:--:--  158M
  -> 正在下载 linux-6.1.tar.sign...
  % Total    % Received % Xferd  Average Speed   Time    Time     Time  Current
                                 Dload  Upload   Total   Spent    Left  Speed
  0     0    0     0    0     0      0      0 --:--:-- --:--:-- --:--:--     0100   162  100   162    0     0   1064      0 --:--:-- --:--:-- --:--:--  1072
100   983  100   983    0     0   4722      0 --:--:-- --:--:-- --:--:--  4722
  -> 正在下载 cjktty-6.1.patch...
  % Total    % Received % Xferd  Average Speed   Time    Time     Time  Current
                                 Dload  Upload   Total   Spent    Left  Speed
  0     0    0     0    0     0      0      0 --:--:-- --:--:-- --:--:--     0  0     0    0     0    0     0      0      0 --:--:-- --:--:-- --:--:--     0
100 11.8M  100 11.8M    0     0  35.0M      0 --:--:-- --:--:-- --:--:-- 35.0M
  -> 正在下载 patch-6.1.83-xanmod1.xz...
  % Total    % Received % Xferd  Average Speed   Time    Time     Time  Current
                                 Dload  Upload   Total   Spent    Left  Speed
  0     0    0     0    0     0      0      0 --:--:-- --:--:-- --:--:--     0  0     9    0     0    0     0      0      0 --:--:-- --:--:-- --:--:--     0
curl: (22) The requested URL returned error: 404
==> 错误： 无法下载 https://github.com/ywzgt/xanmod/releases/download/6.1.83-xanmod1/patch-6.1.83-xanmod1.xz
    正在放弃...
